Generated at 2016-01-11 22:26:08 +0000
Chef::Exceptions::RecipeNotFound: could not find recipe file /home/vagrant/knife
/opt/chefdk/embedded/lib/ruby/gems/2.1.0/gems/chef-12.5.1/lib/chef/run_context.rb:308:in `load_recipe_file'
/opt/chefdk/embedded/lib/ruby/gems/2.1.0/gems/chef-12.5.1/lib/chef/policy_builder/expand_node_object.rb:94:in `block in setup_run_context'
/opt/chefdk/embedded/lib/ruby/gems/2.1.0/gems/chef-12.5.1/lib/chef/policy_builder/expand_node_object.rb:93:in `each'
/opt/chefdk/embedded/lib/ruby/gems/2.1.0/gems/chef-12.5.1/lib/chef/policy_builder/expand_node_object.rb:93:in `setup_run_context'
/opt/chefdk/embedded/lib/ruby/gems/2.1.0/gems/chef-12.5.1/lib/chef/client.rb:485:in `setup_run_context'
/opt/chefdk/embedded/lib/ruby/gems/2.1.0/gems/chef-12.5.1/lib/chef/client.rb:266:in `run'
/opt/chefdk/embedded/lib/ruby/gems/2.1.0/gems/chef-12.5.1/lib/chef/application.rb:270:in `block in fork_chef_client'
/opt/chefdk/embedded/lib/ruby/gems/2.1.0/gems/chef-12.5.1/lib/chef/application.rb:258:in `fork'
/opt/chefdk/embedded/lib/ruby/gems/2.1.0/gems/chef-12.5.1/lib/chef/application.rb:258:in `fork_chef_client'
/opt/chefdk/embedded/lib/ruby/gems/2.1.0/gems/chef-12.5.1/lib/chef/application.rb:224:in `block in run_chef_client'
/opt/chefdk/embedded/lib/ruby/gems/2.1.0/gems/chef-12.5.1/lib/chef/local_mode.rb:44:in `with_server_connectivity'
/opt/chefdk/embedded/lib/ruby/gems/2.1.0/gems/chef-12.5.1/lib/chef/application.rb:212:in `run_chef_client'
/opt/chefdk/embedded/lib/ruby/gems/2.1.0/gems/chef-12.5.1/lib/chef/application/client.rb:408:in `block in interval_run_chef_client'
/opt/chefdk/embedded/lib/ruby/gems/2.1.0/gems/chef-12.5.1/lib/chef/application/client.rb:398:in `loop'
/opt/chefdk/embedded/lib/ruby/gems/2.1.0/gems/chef-12.5.1/lib/chef/application/client.rb:398:in `interval_run_chef_client'
/opt/chefdk/embedded/lib/ruby/gems/2.1.0/gems/chef-12.5.1/lib/chef/application/client.rb:388:in `run_application'
/opt/chefdk/embedded/lib/ruby/gems/2.1.0/gems/chef-12.5.1/lib/chef/application.rb:60:in `run'
/opt/chefdk/embedded/lib/ruby/gems/2.1.0/gems/chef-12.5.1/bin/chef-client:26:in `<top (required)>'
/bin/chef-client:54:in `load'
/bin/chef-client:54:in `<main>'